#
# There is insufficient memory for the Java Runtime Environment to continue.
# Native memory allocation (mmap) failed to map 358088704 bytes for committing reserved memory.
# Possible reasons:
#   The system is out of physical RAM or swap space
#   In 32 bit mode, the process size limit was hit
# Possible solutions:
#   Reduce memory load on the system
#   Increase physical memory or swap space
#   Check if swap backing store is full
#   Use 64 bit Java on a 64 bit OS
#   Decrease Java heap size (-Xmx/-Xms)
#   Decrease number of Java threads
#   Decrease Java thread stack sizes (-Xss)
#   Set larger code cache with -XX:ReservedCodeCacheSize=
# This output file may be truncated or incomplete.
#
#  Out of Memory Error (os_linux.cpp:2630), pid=6689, tid=0x00007f436b81e700
#
# JRE version:  (8.0_111-b14) (build )
# Java VM: OpenJDK 64-Bit Server VM (25.111-b14 mixed mode linux-amd64 compressed oops)
# Failed to write core dump. Core dumps have been disabled. To enable core dumping, try "ulimit -c unlimited" before starting Java again
#

---------------  T H R E A D  ---------------

Current thread (0x00007f436400a000):  JavaThread "Unknown thread" [_thread_in_vm, id=6695, stack(0x00007f436b61e000,0x00007f436b81f000)]

Stack: [0x00007f436b61e000,0x00007f436b81f000],  sp=0x00007f436b81d630,  free space=2045k
Native frames: (J=compiled Java code, j=interpreted, Vv=VM code, C=native code)
V  [libjvm.so+0xa64d2b]
V  [libjvm.so+0x4c2dac]
V  [libjvm.so+0x8b3ba0]
V  [libjvm.so+0x8ae01e]
V  [libjvm.so+0x9288f6]
V  [libjvm.so+0x9193d3]
V  [libjvm.so+0x2ad1b1]
V  [libjvm.so+0x8d8ec9]
V  [libjvm.so+0xa286f9]
V  [libjvm.so+0xa28942]
V  [libjvm.so+0x60d6af]
V  [libjvm.so+0xa0dcea]
V  [libjvm.so+0x687952]  JNI_CreateJavaVM+0x62
C  [libjli.so+0x2f2e]
C  [libjli.so+0x73dd]
C  [libpthread.so.0+0x76fa]  start_thread+0xca


---------------  P R O C E S S  ---------------

Java Threads: ( => current thread )

Other Threads:

=>0x00007f436400a000 (exited) JavaThread "Unknown thread" [_thread_in_vm, id=6695, stack(0x00007f436b61e000,0x00007f436b81f000)]

VM state:not at safepoint (not fully initialized)

VM Mutex/Monitor currently owned by a thread: None

GC Heap History (0 events):
No events

Deoptimization events (0 events):
No events

Internal exceptions (0 events):
No events

Events (0 events):
No events


Dynamic libraries:
00400000-00401000 r-xp 00000000 08:11 1310533                            /usr/lib/jvm/java-8-openjdk-amd64/jre/bin/java
00600000-00601000 r--p 00000000 08:11 1310533                            /usr/lib/jvm/java-8-openjdk-amd64/jre/bin/java
00601000-00602000 rw-p 00001000 08:11 1310533                            /usr/lib/jvm/java-8-openjdk-amd64/jre/bin/java
013d1000-013f2000 rw-p 00000000 00:00 0                                  [heap]
6d5580000-76ab00000 ---p 00000000 00:00 0 
76ab00000-775580000 rw-p 00000000 00:00 0 
775580000-7c0000000 ---p 00000000 00:00 0 
7f4355000000-7f4355270000 rwxp 00000000 00:00 0 
7f4355270000-7f4364000000 ---p 00000000 00:00 0 
7f4364000000-7f4364032000 rw-p 00000000 00:00 0 
7f4364032000-7f4368000000 ---p 00000000 00:00 0 
7f43699cc000-7f4369f21000 ---p 00000000 00:00 0 
7f4369f21000-7f4369f77000 rw-p 00000000 00:00 0 
7f4369f77000-7f436a1cc000 ---p 00000000 00:00 0 
7f436a1cc000-7f436a1d7000 rw-p 00000000 00:00 0 
7f436a1d7000-7f436a58d000 ---p 00000000 00:00 0 
7f436a58d000-7f436a595000 r-xp 00000000 08:11 1310435                    /usr/lib/jvm/java-8-openjdk-amd64/jre/lib/amd64/libzip.so
7f436a595000-7f436a794000 ---p 00008000 08:11 1310435                    /usr/lib/jvm/java-8-openjdk-amd64/jre/lib/amd64/libzip.so
7f436a794000-7f436a795000 r--p 00007000 08:11 1310435                    /usr/lib/jvm/java-8-openjdk-amd64/jre/lib/amd64/libzip.so
7f436a795000-7f436a796000 rw-p 00008000 08:11 1310435                    /usr/lib/jvm/java-8-openjdk-amd64/jre/lib/amd64/libzip.so
7f436a796000-7f436a7a1000 r-xp 00000000 08:11 1182873                    /lib/x86_64-linux-gnu/libnss_files-2.23.so
7f436a7a1000-7f436a9a0000 ---p 0000b000 08:11 1182873                    /lib/x86_64-linux-gnu/libnss_files-2.23.so
7f436a9a0000-7f436a9a1000 r--p 0000a000 08:11 1182873                    /lib/x86_64-linux-gnu/libnss_files-2.23.so
7f436a9a1000-7f436a9a2000 rw-p 0000b000 08:11 1182873                    /lib/x86_64-linux-gnu/libnss_files-2.23.so
7f436a9a2000-7f436a9a8000 rw-p 00000000 00:00 0 
7f436a9a8000-7f436a9b3000 r-xp 00000000 08:11 1182883                    /lib/x86_64-linux-gnu/libnss_nis-2.23.so
7f436a9b3000-7f436abb2000 ---p 0000b000 08:11 1182883                    /lib/x86_64-linux-gnu/libnss_nis-2.23.so
7f436abb2000-7f436abb3000 r--p 0000a000 08:11 1182883                    /lib/x86_64-linux-gnu/libnss_nis-2.23.so
7f436abb3000-7f436abb4000 rw-p 0000b000 08:11 1182883                    /lib/x86_64-linux-gnu/libnss_nis-2.23.so
7f436abb4000-7f436abca000 r-xp 00000000 08:11 1182867                    /lib/x86_64-linux-gnu/libnsl-2.23.so
7f436abca000-7f436adc9000 ---p 00016000 08:11 1182867                    /lib/x86_64-linux-gnu/libnsl-2.23.so
7f436adc9000-7f436adca000 r--p 00015000 08:11 1182867                    /lib/x86_64-linux-gnu/libnsl-2.23.so
7f436adca000-7f436adcb000 rw-p 00016000 08:11 1182867                    /lib/x86_64-linux-gnu/libnsl-2.23.so
7f436adcb000-7f436adcd000 rw-p 00000000 00:00 0 
7f436adcd000-7f436add5000 r-xp 00000000 08:11 1182869                    /lib/x86_64-linux-gnu/libnss_compat-2.23.so
7f436add5000-7f436afd4000 ---p 00008000 08:11 1182869                    /lib/x86_64-linux-gnu/libnss_compat-2.23.so
7f436afd4000-7f436afd5000 r--p 00007000 08:11 1182869                    /lib/x86_64-linux-gnu/libnss_compat-2.23.so
7f436afd5000-7f436afd6000 rw-p 00008000 08:11 1182869                    /lib/x86_64-linux-gnu/libnss_compat-2.23.so
7f436afd6000-7f436b003000 r-xp 00000000 08:11 1310428                    /usr/lib/jvm/java-8-openjdk-amd64/jre/lib/amd64/libjava.so
7f436b003000-7f436b202000 ---p 0002d000 08:11 1310428                    /usr/lib/jvm/java-8-openjdk-amd64/jre/lib/amd64/libjava.so
7f436b202000-7f436b203000 r--p 0002c000 08:11 1310428                    /usr/lib/jvm/java-8-openjdk-amd64/jre/lib/amd64/libjava.so
7f436b203000-7f436b205000 rw-p 0002d000 08:11 1310428                    /usr/lib/jvm/java-8-openjdk-amd64/jre/lib/amd64/libjava.so
7f436b205000-7f436b214000 r-xp 00000000 08:11 1310433                    /usr/lib/jvm/java-8-openjdk-amd64/jre/lib/amd64/libverify.so
7f436b214000-7f436b413000 ---p 0000f000 08:11 1310433                    /usr/lib/jvm/java-8-openjdk-amd64/jre/lib/amd64/libverify.so
7f436b413000-7f436b415000 r--p 0000e000 08:11 1310433                    /usr/lib/jvm/java-8-openjdk-amd64/jre/lib/amd64/libverify.so
7f436b415000-7f436b416000 rw-p 00010000 08:11 1310433                    /usr/lib/jvm/java-8-openjdk-amd64/jre/lib/amd64/libverify.so
7f436b416000-7f436b41d000 r-xp 00000000 08:11 1182928                    /lib/x86_64-linux-gnu/librt-2.23.so
7f436b41d000-7f436b61c000 ---p 00007000 08:11 1182928                    /lib/x86_64-linux-gnu/librt-2.23.so
7f436b61c000-7f436b61d000 r--p 00006000 08:11 1182928                    /lib/x86_64-linux-gnu/librt-2.23.so
7f436b61d000-7f436b61e000 rw-p 00007000 08:11 1182928                    /lib/x86_64-linux-gnu/librt-2.23.so
7f436b61e000-7f436b621000 ---p 00000000 00:00 0 
7f436b621000-7f436b81f000 rw-p 00000000 00:00 0 
7f436b81f000-7f436b835000 r-xp 00000000 08:11 1182812                    /lib/x86_64-linux-gnu/libgcc_s.so.1
7f436b835000-7f436ba34000 ---p 00016000 08:11 1182812                    /lib/x86_64-linux-gnu/libgcc_s.so.1
7f436ba34000-7f436ba35000 rw-p 00015000 08:11 1182812                    /lib/x86_64-linux-gnu/libgcc_s.so.1
7f436ba35000-7f436bb3d000 r-xp 00000000 08:11 1182844                    /lib/x86_64-linux-gnu/libm-2.23.so
7f436bb3d000-7f436bd3c000 ---p 00108000 08:11 1182844                    /lib/x86_64-linux-gnu/libm-2.23.so
7f436bd3c000-7f436bd3d000 r--p 00107000 08:11 1182844                    /lib/x86_64-linux-gnu/libm-2.23.so
7f436bd3d000-7f436bd3e000 rw-p 00108000 08:11 1182844                    /lib/x86_64-linux-gnu/libm-2.23.so
7f436bd3e000-7f436beb0000 r-xp 00000000 08:11 1449055                    /usr/lib/x86_64-linux-gnu/libstdc++.so.6.0.21
7f436beb0000-7f436c0b0000 ---p 00172000 08:11 1449055                    /usr/lib/x86_64-linux-gnu/libstdc++.so.6.0.21
7f436c0b0000-7f436c0ba000 r--p 00172000 08:11 1449055                    /usr/lib/x86_64-linux-gnu/libstdc++.so.6.0.21
7f436c0ba000-7f436c0bc000 rw-p 0017c000 08:11 1449055                    /usr/lib/x86_64-linux-gnu/libstdc++.so.6.0.21
7f436c0bc000-7f436c0c0000 rw-p 00000000 00:00 0 
7f436c0c0000-7f436cd0f000 r-xp 00000000 08:11 1310437                    /usr/lib/jvm/java-8-openjdk-amd64/jre/lib/amd64/server/libjvm.so
7f436cd0f000-7f436cf0e000 ---p 00c4f000 08:11 1310437                    /usr/lib/jvm/java-8-openjdk-amd64/jre/lib/amd64/server/libjvm.so
7f436cf0e000-7f436cfa1000 r--p 00c4e000 08:11 1310437                    /usr/lib/jvm/java-8-openjdk-amd64/jre/lib/amd64/server/libjvm.so
7f436cfa1000-7f436cfca000 rw-p 00ce1000 08:11 1310437                    /usr/lib/jvm/java-8-openjdk-amd64/jre/lib/amd64/server/libjvm.so
7f436cfca000-7f436cffa000 rw-p 00000000 00:00 0 
7f436cffa000-7f436d012000 r-xp 00000000 08:11 1182920                    /lib/x86_64-linux-gnu/libpthread-2.23.so
7f436d012000-7f436d211000 ---p 00018000 08:11 1182920                    /lib/x86_64-linux-gnu/libpthread-2.23.so
7f436d211000-7f436d212000 r--p 00017000 08:11 1182920                    /lib/x86_64-linux-gnu/libpthread-2.23.so
7f436d212000-7f436d213000 rw-p 00018000 08:11 1182920                    /lib/x86_64-linux-gnu/libpthread-2.23.so
7f436d213000-7f436d217000 rw-p 00000000 00:00 0 
7f436d217000-7f436d21a000 r-xp 00000000 08:11 1182798                    /lib/x86_64-linux-gnu/libdl-2.23.so
7f436d21a000-7f436d419000 ---p 00003000 08:11 1182798                    /lib/x86_64-linux-gnu/libdl-2.23.so
7f436d419000-7f436d41a000 r--p 00002000 08:11 1182798                    /lib/x86_64-linux-gnu/libdl-2.23.so
7f436d41a000-7f436d41b000 rw-p 00003000 08:11 1182798                    /lib/x86_64-linux-gnu/libdl-2.23.so
7f436d41b000-7f436d434000 r-xp 00000000 08:11 1182965                    /lib/x86_64-linux-gnu/libz.so.1.2.8
7f436d434000-7f436d633000 ---p 00019000 08:11 1182965                    /lib/x86_64-linux-gnu/libz.so.1.2.8
7f436d633000-7f436d634000 r--p 00018000 08:11 1182965                    /lib/x86_64-linux-gnu/libz.so.1.2.8
7f436d634000-7f436d635000 rw-p 00019000 08:11 1182965                    /lib/x86_64-linux-gnu/libz.so.1.2.8
7f436d635000-7f436d7f5000 r-xp 00000000 08:11 1182774                    /lib/x86_64-linux-gnu/libc-2.23.so
7f436d7f5000-7f436d9f4000 ---p 001c0000 08:11 1182774                    /lib/x86_64-linux-gnu/libc-2.23.so
7f436d9f4000-7f436d9f8000 r--p 001bf000 08:11 1182774                    /lib/x86_64-linux-gnu/libc-2.23.so
7f436d9f8000-7f436d9fa000 rw-p 001c3000 08:11 1182774                    /lib/x86_64-linux-gnu/libc-2.23.so
7f436d9fa000-7f436d9fe000 rw-p 00000000 00:00 0 
7f436d9fe000-7f436da0b000 r-xp 00000000 08:11 1310432                    /usr/lib/jvm/java-8-openjdk-amd64/jre/lib/amd64/jli/libjli.so
7f436da0b000-7f436dc0b000 ---p 0000d000 08:11 1310432                    /usr/lib/jvm/java-8-openjdk-amd64/jre/lib/amd64/jli/libjli.so
7f436dc0b000-7f436dc0c000 r--p 0000d000 08:11 1310432                    /usr/lib/jvm/java-8-openjdk-amd64/jre/lib/amd64/jli/libjli.so
7f436dc0c000-7f436dc0d000 rw-p 0000e000 08:11 1310432                    /usr/lib/jvm/java-8-openjdk-amd64/jre/lib/amd64/jli/libjli.so
7f436dc0d000-7f436dc33000 r-xp 00000000 08:11 1182746                    /lib/x86_64-linux-gnu/ld-2.23.so
7f436de12000-7f436de17000 rw-p 00000000 00:00 0 
7f436de26000-7f436de2e000 rw-s 00000000 08:11 1187063                    /tmp/hsperfdata_michal/6689
7f436de2e000-7f436de2f000 rw-p 00000000 00:00 0 
7f436de2f000-7f436de30000 r--p 00000000 00:00 0 
7f436de30000-7f436de32000 rw-p 00000000 00:00 0 
7f436de32000-7f436de33000 r--p 00025000 08:11 1182746                    /lib/x86_64-linux-gnu/ld-2.23.so
7f436de33000-7f436de34000 rw-p 00026000 08:11 1182746                    /lib/x86_64-linux-gnu/ld-2.23.so
7f436de34000-7f436de35000 rw-p 00000000 00:00 0 
7fff867be000-7fff867df000 rw-p 00000000 00:00 0                          [stack]
7fff867f3000-7fff867f5000 r--p 00000000 00:00 0                          [vvar]
7fff867f5000-7fff867f7000 r-xp 00000000 00:00 0                          [vdso]
ffffffffff600000-ffffffffff601000 r-xp 00000000 00:00 0                  [vsyscall]

VM Arguments:
jvm_args: -Djline.terminal=jline.UnsupportedTerminal -Dsbt.log.noformat=true -Dfile.encoding=UTF-8 -Xmx768M -XX:MaxPermSize=384M -Xms512M -Xmx4096M -Xss2M -XX:MaxMetaspaceSize=1024M 
java_command: /home/michal/.IdeaIC2016.3/config/plugins/Scala/launcher/sbt-launch.jar
java_class_path (initial): /home/michal/.IdeaIC2016.3/config/plugins/Scala/launcher/sbt-launch.jar
Launcher Type: SUN_STANDARD

Environment Variables:
JAVA_HOME=/usr/lib/jvm/java-1.8.0-openjdk-amd64
PATH=/home/michal/bin:/home/michal/.local/bin:/usr/local/sbin:/usr/local/bin:/usr/sbin:/usr/bin:/sbin:/bin:/usr/games:/usr/local/games:/snap/bin
LD_LIBRARY_PATH=/home/michal/idea-IC-163.7743.44/bin:
SHELL=/bin/bash
DISPLAY=:0

Signal Handlers:
SIGSEGV: [libjvm.so+0xa65880], sa_mask[0]=11111111011111111101111111111110, sa_flags=SA_RESTART|SA_SIGINFO
SIGBUS: [libjvm.so+0xa65880], sa_mask[0]=11111111011111111101111111111110, sa_flags=SA_RESTART|SA_SIGINFO
SIGFPE: [libjvm.so+0x8af1c0], sa_mask[0]=11111111011111111101111111111110, sa_flags=SA_RESTART|SA_SIGINFO
SIGPIPE: [libjvm.so+0x8af1c0], sa_mask[0]=11111111011111111101111111111110, sa_flags=SA_RESTART|SA_SIGINFO
SIGXFSZ: [libjvm.so+0x8af1c0], sa_mask[0]=11111111011111111101111111111110, sa_flags=SA_RESTART|SA_SIGINFO
SIGILL: [libjvm.so+0x8af1c0], sa_mask[0]=11111111011111111101111111111110, sa_flags=SA_RESTART|SA_SIGINFO
SIGUSR1: SIG_DFL, sa_mask[0]=00000000000000000000000000000000, sa_flags=none
SIGUSR2: [libjvm.so+0x8af070], sa_mask[0]=00100000000000000000000000000000, sa_flags=SA_RESTART|SA_SIGINFO
SIGHUP: SIG_DFL, sa_mask[0]=00000000000000000000000000000000, sa_flags=none
SIGINT: SIG_DFL, sa_mask[0]=00000000000000000000000000000000, sa_flags=none
SIGTERM: SIG_DFL, sa_mask[0]=00000000000000000000000000000000, sa_flags=none
SIGQUIT: SIG_DFL, sa_mask[0]=00000000000000000000000000000000, sa_flags=none


---------------  S Y S T E M  ---------------

OS:DISTRIB_ID=Ubuntu
DISTRIB_RELEASE=16.04
DISTRIB_CODENAME=xenial
DISTRIB_DESCRIPTION="Ubuntu 16.04.1 LTS"

uname:Linux 4.4.0-31-generic #50-Ubuntu SMP Wed Jul 13 00:07:12 UTC 2016 x86_64
libc:glibc 2.23 NPTL 2.23 
rlimit: STACK 8192k, CORE 0k, NPROC 15190, NOFILE 65536, AS infinity
load average:16.35 9.72 4.34

/proc/meminfo:
MemTotal:        3927300 kB
MemFree:           94976 kB
MemAvailable:      47500 kB
Buffers:            2944 kB
Cached:           152492 kB
SwapCached:        56104 kB
Active:          2708924 kB
Inactive:         942832 kB
Active(anon):    2652072 kB
Inactive(anon):   896444 kB
Active(file):      56852 kB
Inactive(file):    46388 kB
Unevictable:          32 kB
Mlocked:              32 kB
SwapTotal:       1952764 kB
SwapFree:          62580 kB
Dirty:              1852 kB
Writeback:          2132 kB
AnonPages:       3441296 kB
Mapped:            80376 kB
Shmem:             51448 kB
Slab:              78676 kB
SReclaimable:      40304 kB
SUnreclaim:        38372 kB
KernelStack:       11008 kB
PageTables:        42108 kB
NFS_Unstable:          0 kB
Bounce:                0 kB
WritebackTmp:          0 kB
CommitLimit:     3916412 kB
Committed_AS:   11817788 kB
VmallocTotal:   34359738367 kB
VmallocUsed:           0 kB
VmallocChunk:          0 kB
HardwareCorrupted:     0 kB
AnonHugePages:   1165312 kB
CmaTotal:              0 kB
CmaFree:               0 kB
HugePages_Total:       0
HugePages_Free:        0
HugePages_Rsvd:        0
HugePages_Surp:        0
Hugepagesize:       2048 kB
DirectMap4k:       99992 kB
DirectMap2M:     2926592 kB
DirectMap1G:     1048576 kB


CPU:total 4 (2 cores per cpu, 2 threads per core) family 6 model 69 stepping 1, cmov, cx8, fxsr, mmx, sse, sse2, sse3, ssse3, sse4.1, sse4.2, popcnt, avx, avx2, aes, clmul, erms, lzcnt, ht, tsc, tscinvbit, bmi1, bmi2

/proc/cpuinfo:
processor	: 0
vendor_id	: GenuineIntel
cpu family	: 6
model		: 69
model name	: Intel(R) Core(TM) i3-4030U CPU @ 1.90GHz
stepping	: 1
microcode	: 0x17
cpu MHz		: 1787.335
cache size	: 3072 KB
physical id	: 0
siblings	: 4
core id		: 0
cpu cores	: 2
apicid		: 0
initial apicid	: 0
fpu		: yes
fpu_exception	: yes
cpuid level	: 13
wp		: yes
flags		: fpu vme de pse tsc msr pae mce cx8 apic sep mtrr pge mca cmov pat pse36 clflush dts acpi mmx fxsr sse sse2 ss ht tm pbe syscall nx pdpe1gb rdtscp lm constant_tsc arch_perfmon pebs bts rep_good nopl xtopology nonstop_tsc aperfmperf eagerfpu pni pclmulqdq dtes64 monitor ds_cpl vmx est tm2 ssse3 sdbg fma cx16 xtpr pdcm pcid sse4_1 sse4_2 x2apic movbe popcnt tsc_deadline_timer aes xsave avx f16c rdrand lahf_lm abm epb tpr_shadow vnmi flexpriority ept vpid fsgsbase tsc_adjust bmi1 avx2 smep bmi2 erms invpcid xsaveopt dtherm arat pln pts
bugs		:
bogomips	: 3791.30
clflush size	: 64
cache_alignment	: 64
address sizes	: 39 bits physical, 48 bits virtual
power management:

processor	: 1
vendor_id	: GenuineIntel
cpu family	: 6
model		: 69
model name	: Intel(R) Core(TM) i3-4030U CPU @ 1.90GHz
stepping	: 1
microcode	: 0x17
cpu MHz		: 1799.953
cache size	: 3072 KB
physical id	: 0
siblings	: 4
core id		: 1
cpu cores	: 2
apicid		: 2
initial apicid	: 2
fpu		: yes
fpu_exception	: yes
cpuid level	: 13
wp		: yes
flags		: fpu vme de pse tsc msr pae mce cx8 apic sep mtrr pge mca cmov pat pse36 clflush dts acpi mmx fxsr sse sse2 ss ht tm pbe syscall nx pdpe1gb rdtscp lm constant_tsc arch_perfmon pebs bts rep_good nopl xtopology nonstop_tsc aperfmperf eagerfpu pni pclmulqdq dtes64 monitor ds_cpl vmx est tm2 ssse3 sdbg fma cx16 xtpr pdcm pcid sse4_1 sse4_2 x2apic movbe popcnt tsc_deadline_timer aes xsave avx f16c rdrand lahf_lm abm epb tpr_shadow vnmi flexpriority ept vpid fsgsbase tsc_adjust bmi1 avx2 smep bmi2 erms invpcid xsaveopt dtherm arat pln pts
bugs		:
bogomips	: 3791.30
clflush size	: 64
cache_alignment	: 64
address sizes	: 39 bits physical, 48 bits virtual
power management:

processor	: 2
vendor_id	: GenuineIntel
cpu family	: 6
model		: 69
model name	: Intel(R) Core(TM) i3-4030U CPU @ 1.90GHz
stepping	: 1
microcode	: 0x17
cpu MHz		: 1781.472
cache size	: 3072 KB
physical id	: 0
siblings	: 4
core id		: 0
cpu cores	: 2
apicid		: 1
initial apicid	: 1
fpu		: yes
fpu_exception	: yes
cpuid level	: 13
wp		: yes
flags		: fpu vme de pse tsc msr pae mce cx8 apic sep mtrr pge mca cmov pat pse36 clflush dts acpi mmx fxsr sse sse2 ss ht tm pbe syscall nx pdpe1gb rdtscp lm constant_tsc arch_perfmon pebs bts rep_good nopl xtopology nonstop_tsc aperfmperf eagerfpu pni pclmulqdq dtes64 monitor ds_cpl vmx est tm2 ssse3 sdbg fma cx16 xtpr pdcm pcid sse4_1 sse4_2 x2apic movbe popcnt tsc_deadline_timer aes xsave avx f16c rdrand lahf_lm abm epb tpr_shadow vnmi flexpriority ept vpid fsgsbase tsc_adjust bmi1 avx2 smep bmi2 erms invpcid xsaveopt dtherm arat pln pts
bugs		:
bogomips	: 3791.30
clflush size	: 64
cache_alignment	: 64
address sizes	: 39 bits physical, 48 bits virtual
power management:

processor	: 3
vendor_id	: GenuineIntel
cpu family	: 6
model		: 69
model name	: Intel(R) Core(TM) i3-4030U CPU @ 1.90GHz
stepping	: 1
microcode	: 0x17
cpu MHz		: 1784.738
cache size	: 3072 KB
physical id	: 0
siblings	: 4
core id		: 1
cpu cores	: 2
apicid		: 3
initial apicid	: 3
fpu		: yes
fpu_exception	: yes
cpuid level	: 13
wp		: yes
flags		: fpu vme de pse tsc msr pae mce cx8 apic sep mtrr pge mca cmov pat pse36 clflush dts acpi mmx fxsr sse sse2 ss ht tm pbe syscall nx pdpe1gb rdtscp lm constant_tsc arch_perfmon pebs bts rep_good nopl xtopology nonstop_tsc aperfmperf eagerfpu pni pclmulqdq dtes64 monitor ds_cpl vmx est tm2 ssse3 sdbg fma cx16 xtpr pdcm pcid sse4_1 sse4_2 x2apic movbe popcnt tsc_deadline_timer aes xsave avx f16c rdrand lahf_lm abm epb tpr_shadow vnmi flexpriority ept vpid fsgsbase tsc_adjust bmi1 avx2 smep bmi2 erms invpcid xsaveopt dtherm arat pln pts
bugs		:
bogomips	: 3791.30
clflush size	: 64
cache_alignment	: 64
address sizes	: 39 bits physical, 48 bits virtual
power management:



Memory: 4k page, physical 3927300k(94976k free), swap 1952764k(62580k free)

vm_info: OpenJDK 64-Bit Server VM (25.111-b14) for linux-amd64 JRE (1.8.0_111-8u111-b14-2ubuntu0.16.04.2-b14), built on Oct 27 2016 18:10:19 by "buildd" with gcc 5.4.0 20160609

time: Tue Nov 29 03:07:20 2016
elapsed time: 3 seconds (0d 0h 0m 3s)

